<?xml version="1.0" encoding="UTF-8"?>
<testng-results ignored="0" total="1" passed="1" failed="0" skipped="0">
  <reporter-output>
  </reporter-output>
  <suite started-at="2022-01-20T17:20:40 IST" name="Default suite" finished-at="2022-01-20T17:20:56 IST" duration-ms="15797">
    <groups>
    </groups>
    <test started-at="2022-01-20T17:20:40 IST" name="Default test" finished-at="2022-01-20T17:20:56 IST" duration-ms="15797">
      <class name="handsonscreenshot.Banklogin">
        <test-method signature="bank_Screenshot()[pri:0, instance:handsonscreenshot.Banklogin@3cebbb30]" started-at="2022-01-20T17:20:40 IST" name="bank_Screenshot" finished-at="2022-01-20T17:20:55 IST" duration-ms="14872" status="PASS">
          <reporter-output>
          </reporter-output>
        </test-method> <!-- bank_Screenshot -->
        <test-method is-config="true" signature="teardown(org.testng.ITestResult)[pri:0, instance:handsonscreenshot.Banklogin@3cebbb30]" started-at="2022-01-20T17:20:55 IST" name="teardown" finished-at="2022-01-20T17:20:56 IST" duration-ms="866" status="PASS">
          <params>
            <param index="0">
              <value>
                <![CDATA[[TestResult name=bank_Screenshot status=SUCCESS method=Banklogin.bank_Screenshot()[pri:0, instance:handsonscreenshot.Banklogin@3cebbb30] output={null}]]]>
              </value>
            </param>
          </params>
          <reporter-output>
          </reporter-output>
        </test-method> <!-- teardown -->
      </class> <!-- handsonscreenshot.Banklogin -->
    </test> <!-- Default test -->
  </suite> <!-- Default suite -->
</testng-results>
